<?xml version="1.0" encoding="UTF-8"?>
<testsuite name="com.choucair.www.vega.test.runners.Orders" tests="0" skipped="0" failures="0" errors="0" timestamp="1970-01-01T00:00:00" hostname="CHMEPFZJG1B3" time="0.0">
  <properties/>
  <system-out><![CDATA[
2 Scenarios (?[32m2 passed?[0m)
8 Steps (?[32m8 passed?[0m)
0m57,734s


]]></system-out>
  <system-err><![CDATA[nov 12, 2022 11:11:53 AM io.cucumber.core.options.CucumberPropertiesParser parse
ADVERTENCIA: Passing commandline options via the property `cucumber.options` has been deprecatedin favour of explicitly using property names.
Please use these instead: [cucumber.ansi-colors.disabled, cucumber.execution.dry-run, cucumber.execution.limit, cucumber.execution.order, cucumber.execution.strict, cucumber.execution.wip, cucumber.features, cucumber.filter.name, cucumber.filter.tags, cucumber.glue, cucumber.object-factory, cucumber.plugin, cucumber.snippet-type]
[Test worker] WARN io.cucumber.junit.CucumberSerenityRunner - By default Cucumber is running in --non-strict mode.
This default will change to --strict and --non-strict will be removed.
You can use --strict or @CucumberOptions(strict = true) to suppress this warning
[Test worker] INFO io.cucumber.core.plugin.SerenityReporter - Running feature from file:///D:/Nueva%20carpeta/aprueba/serenityDO-main/serenityDO-main/serenityTest/src/test/resources/com/choucair/www/vega/test/features/orders.feature
[Test worker] WARN io.cucumber.core.plugin.SerenityReporter - Feature from file:///D:/Nueva%20carpeta/aprueba/serenityDO-main/serenityDO-main/serenityTest/src/test/resources/com/choucair/www/vega/test/features/orders.feature is not under the 'features' directory. Requirements report will not be correctly generated!
[Test worker] INFO  - Test Suite Started: create new orders
]]></system-err>
</testsuite>
